INFO:__main__:'os': Invalid operating system format. Please use a valid OS name.
INFO:provisioning:'ram': Input should be a valid number, unable to parse string as a number
INFO:provisioning:'cpu': Input should be a valid number, unable to parse string as a number
INFO:provisioning:'os': Invalid operating system format. Please use a valid OS name.
INFO:provisioning:'storage': Input should be a valid number, unable to parse string as a number
INFO:C:\Users\maori\Desktop\project_new_version\src\infra_simulator.py:'ram': Input should be a valid number, unable to parse string as a number
INFO:C:\Users\maori\Desktop\project_new_version\src\infra_simulator.py:'cpu': Input should be a valid number, unable to parse string as a number
INFO:C:\Users\maori\Desktop\project_new_version\src\infra_simulator.py:'os': Invalid operating system format. Please use a valid OS name.
INFO:C:\Users\maori\Desktop\project_new_version\src\infra_simulator.py:'storage': Input should be a valid number, unable to parse string as a number
ERROR:C:\Users\maori\Desktop\project_new_version\src\infra_simulator.py:C:\Users\maori\Desktop\project_new_version\src\infra_simulator.py
INFO:C:\Users\maori\Desktop\project_new_version\src\infra_simulator.py:'ram': Input should be a valid number, unable to parse string as a number
INFO:C:\Users\maori\Desktop\project_new_version\src\infra_simulator.py:'cpu': Input should be a valid number, unable to parse string as a number
INFO:C:\Users\maori\Desktop\project_new_version\src\infra_simulator.py:'os': Invalid operating system format. Please use a valid OS name.
INFO:C:\Users\maori\Desktop\project_new_version\src\infra_simulator.py:'storage': Input should be a valid number, unable to parse string as a number
INFO:C:\Users\maori\Desktop\project_new_version\src\infra_simulator.py:'ram': Input should be a valid number, unable to parse string as a number
INFO:C:\Users\maori\Desktop\project_new_version\src\infra_simulator.py:'cpu': Input should be a valid number, unable to parse string as a number
INFO:C:\Users\maori\Desktop\project_new_version\src\infra_simulator.py:'os': Invalid operating system format. Please use a valid OS name.
INFO:C:\Users\maori\Desktop\project_new_version\src\infra_simulator.py:'storage': Input should be a valid number, unable to parse string as a number
2025-08-01 15:33:56,055 INFO 'ram': Input should be a valid number, unable to parse string as a number
2025-08-01 15:33:56,055 INFO 'cpu': Input should be a valid number, unable to parse string as a number
2025-08-01 15:33:56,055 INFO 'os': Invalid operating system format. Please use a valid OS name.
2025-08-01 15:33:56,056 INFO 'storage': Input should be a valid number, unable to parse string as a number
2025-08-01 15:35:29 - INFO - C:\Users\maori\Desktop\project_new_version\src\infra_simulator.py - 'ram': Input should be a valid number, unable to parse string as a number
2025-08-01 15:35:29 - INFO - C:\Users\maori\Desktop\project_new_version\src\infra_simulator.py - 'cpu': Input should be a valid number, unable to parse string as a number
2025-08-01 15:35:29 - INFO - C:\Users\maori\Desktop\project_new_version\src\infra_simulator.py - 'os': Invalid operating system format. Please use a valid OS name.
2025-08-01 15:35:29 - INFO - C:\Users\maori\Desktop\project_new_version\src\infra_simulator.py - 'storage': Input should be a valid number, unable to parse string as a number
2025-08-01 15:36:53 - INFO - infra_simulator.py - 'ram': Input should be a valid number, unable to parse string as a number
2025-08-01 15:36:53 - INFO - infra_simulator.py - 'cpu': Input should be a valid number, unable to parse string as a number
2025-08-01 15:36:53 - INFO - infra_simulator.py - 'os': Invalid operating system format. Please use a valid OS name.
2025-08-01 15:36:53 - INFO - infra_simulator.py - 'storage': Input should be a valid number, unable to parse string as a number
2025-08-01 15:39:51 - INFO - infra_simulator.py - 'ram': Input should be a valid number, unable to parse string as a number
2025-08-01 15:39:51 - INFO - infra_simulator.py - 'cpu': Input should be a valid number, unable to parse string as a number
2025-08-01 15:39:51 - INFO - infra_simulator.py - 'os': Invalid operating system format. Please use a valid OS name.
2025-08-01 15:39:51 - INFO - infra_simulator.py - 'storage': Input should be a valid number, unable to parse string as a number
2025-08-01 15:40:06 - INFO - infra_simulator.py - 'ram': Input should be a valid number, unable to parse string as a number
2025-08-01 15:40:06 - INFO - infra_simulator.py - 'cpu': Input should be a valid number, unable to parse string as a number
2025-08-01 15:40:06 - INFO - infra_simulator.py - 'os': Invalid operating system format. Please use a valid OS name.
2025-08-01 15:40:06 - INFO - infra_simulator.py - 'storage': Input should be a valid number, unable to parse string as a number
2025-08-01 15:40:29 - INFO - infra_simulator.py - 'ram': Input should be a valid number, unable to parse string as a number
2025-08-01 15:40:29 - INFO - infra_simulator.py - 'cpu': Input should be a valid number, unable to parse string as a number
2025-08-01 15:40:29 - INFO - infra_simulator.py - 'storage': Input should be a valid number, unable to parse string as a number
2025-08-01 15:40:38 - INFO - infra_simulator.py - 'ram': Input should be a valid number, unable to parse string as a number
2025-08-01 15:40:38 - INFO - infra_simulator.py - 'cpu': Input should be a valid number, unable to parse string as a number
2025-08-01 15:40:38 - INFO - infra_simulator.py - 'storage': Input should be a valid number, unable to parse string as a number
2025-08-01 15:54:17 - INFO - infra_simulator.py - 'ram': Input should be a valid number, unable to parse string as a number
2025-08-01 15:54:17 - INFO - infra_simulator.py - 'cpu': Input should be a valid number, unable to parse string as a number
2025-08-01 15:54:17 - INFO - infra_simulator.py - 'os': Invalid operating system format. Please use a valid OS name.
2025-08-01 15:54:17 - INFO - infra_simulator.py - 'storage': Input should be a valid number, unable to parse string as a number
2025-08-01 16:07:52 - INFO - infra_simulator.py - 'ram': Input should be a valid number, unable to parse string as a number
2025-08-01 16:07:52 - INFO - infra_simulator.py - 'cpu': Input should be a valid number, unable to parse string as a number
2025-08-01 16:07:52 - INFO - infra_simulator.py - 'os': Invalid operating system format. Please use a valid OS name.
2025-08-01 16:07:52 - INFO - infra_simulator.py - 'storage': Input should be a valid number, unable to parse string as a number
2025-08-01 16:09:15 - INFO - infra_simulator.py - created vm: name='machine' ram=2.0 cpu=1.0 os='win11' storage=3.0 successfully
2025-08-01 16:09:42 - INFO - infra_simulator.py - 'ram': Input should be a valid number, unable to parse string as a number
2025-08-01 16:09:42 - INFO - infra_simulator.py - 'cpu': Input should be a valid number, unable to parse string as a number
2025-08-01 16:09:42 - INFO - infra_simulator.py - 'os': Invalid operating system format. Please use a valid OS name.
2025-08-01 16:09:42 - INFO - infra_simulator.py - 'storage': Input should be a valid number, unable to parse string as a number
2025-08-01 16:10:13 - INFO - infra_simulator.py - created vm: name='1' ram=1.0 cpu=1.0 os='win11' storage=1.0 successfully
2025-08-01 16:12:30 - INFO - infra_simulator.py - 'ram': Input should be a valid number, unable to parse string as a number
2025-08-01 16:12:30 - INFO - infra_simulator.py - 'cpu': Input should be a valid number, unable to parse string as a number
2025-08-01 16:12:30 - INFO - infra_simulator.py - 'os': Invalid operating system format. Please use a valid OS name.
2025-08-01 16:12:30 - INFO - infra_simulator.py - 'storage': Input should be a valid number, unable to parse string as a number
2025-08-01 16:12:37 - INFO - infra_simulator.py - created vm: name='machine1' ram=2.0 cpu=1.0 os='win11' storage=3.0 successfully
2025-08-01 16:13:06 - INFO - infra_simulator.py - created vm: name='machine' ram=2.0 cpu=1.0 os='win11' storage=3.0 successfully
2025-08-01 16:15:05 - INFO - infra_simulator.py - created vm: name='1' ram=3.0 cpu=2.0 os='win11' storage=4.0 successfully
2025-08-01 16:16:25 - INFO - infra_simulator.py - created vm: name='1' ram=3.0 cpu=2.0 os='win11' storage=4.0 successfully
2025-08-01 16:18:52 - INFO - infra_simulator.py - created vm: name='1' ram=3.0 cpu=2.0 os='win11' storage=4.0 successfully
2025-08-01 16:29:18 - ERROR - infra_simulator.py - An error occured: not readable
2025-08-01 16:30:11 - ERROR - infra_simulator.py - An error occured: Expecting value: line 1 column 1 (char 0)
2025-08-01 16:31:13 - INFO - infra_simulator.py - created vm: name='1' ram=3.0 cpu=2.0 os='win11' storage=4.0 successfully
2025-08-01 16:31:33 - ERROR - infra_simulator.py - An error occured: not writable
2025-08-01 16:31:56 - INFO - infra_simulator.py - created vm: name='1' ram=3.0 cpu=2.0 os='win11' storage=4.0 successfully
2025-08-01 16:32:23 - INFO - infra_simulator.py - created vm: name='1' ram=3.0 cpu=2.0 os='win11' storage=4.0 successfully
2025-08-01 16:33:52 - INFO - infra_simulator.py - created vm: name='1' ram=3.0 cpu=2.0 os='win11' storage=4.0 successfully
2025-08-01 16:35:02 - INFO - infra_simulator.py - created vm: name='1' ram=3.0 cpu=2.0 os='win11' storage=4.0 successfully
2025-08-01 16:35:02 - ERROR - infra_simulator.py - An error occured: Object of type VirtualMachine is not JSON serializable
2025-08-01 16:35:38 - INFO - infra_simulator.py - created vm: name='1' ram=3.0 cpu=2.0 os='win11' storage=4.0 successfully
